生成启动时间为 2019/3/27 17:49:48。
     1>项目“F:\YKQ\gitwork\testtool\c++\测试\测试.vcxproj”在节点 2 上(ClCompile 个目标)。
     1>ClCompile:
         D:\Program Files (x86)\Microsoft Visual Studio 14.0\VC\bin\x86_amd64\CL.exe /c /ZI /nologo /W3 /WX- /sdl /Od /D _DEBUG /D _CONSOLE /D _UNICODE /D UNICODE /Gm /EHsc /RTC1 /MDd /GS /fp:precise /Zc:wchar_t /Zc:forScope /Zc:inline /Fo"x64\Debug\\" /Fd"x64\Debug\vc140.pdb" /Gd /TC /errorReport:prompt "类.c"
         类.c
     1>d:\program files (x86)\microsoft visual studio 14.0\vc\include\cmath(17): error C2143: 语法错误: 缺少“{”(在“<”的前面)
     1>d:\program files (x86)\microsoft visual studio 14.0\vc\include\cmath(17): error C2059: 语法错误:“<”
     1>d:\program files (x86)\microsoft visual studio 14.0\vc\include\cmath(35): error C2061: 语法错误: 标识符“noexcept”
     1>d:\program files (x86)\microsoft visual studio 14.0\vc\include\cmath(35): error C2059: 语法错误:“;”
     1>d:\program files (x86)\microsoft visual studio 14.0\vc\include\cmath(36): error C2449: 在文件范围内找到“{”(是否缺少函数头?)
     1>d:\program files (x86)\microsoft visual studio 14.0\vc\include\cmath(38): error C2059: 语法错误:“}”
     1>d:\program files (x86)\microsoft visual studio 14.0\vc\include\cmath(45): error C2061: 语法错误: 标识符“noexcept”
     1>d:\program files (x86)\microsoft visual studio 14.0\vc\include\cmath(45): error C2059: 语法错误:“;”
     1>d:\program files (x86)\microsoft visual studio 14.0\vc\include\cmath(46): error C2449: 在文件范围内找到“{”(是否缺少函数头?)
     1>d:\program files (x86)\microsoft visual studio 14.0\vc\include\cmath(48): error C2059: 语法错误:“}”
     1>d:\program files (x86)\microsoft visual studio 14.0\vc\include\cmath(55): error C2061: 语法错误: 标识符“noexcept”
     1>d:\program files (x86)\microsoft visual studio 14.0\vc\include\cmath(55): error C2059: 语法错误:“;”
     1>d:\program files (x86)\microsoft visual studio 14.0\vc\include\cmath(56): error C2449: 在文件范围内找到“{”(是否缺少函数头?)
     1>d:\program files (x86)\microsoft visual studio 14.0\vc\include\cmath(58): error C2059: 语法错误:“}”
     1>d:\program files (x86)\microsoft visual studio 14.0\vc\include\cmath(65): error C2061: 语法错误: 标识符“noexcept”
     1>d:\program files (x86)\microsoft visual studio 14.0\vc\include\cmath(65): error C2059: 语法错误:“;”
     1>d:\program files (x86)\microsoft visual studio 14.0\vc\include\cmath(66): error C2449: 在文件范围内找到“{”(是否缺少函数头?)
     1>d:\program files (x86)\microsoft visual studio 14.0\vc\include\cmath(68): error C2059: 语法错误:“}”
     1>d:\program files (x86)\microsoft visual studio 14.0\vc\include\cmath(75): error C2061: 语法错误: 标识符“noexcept”
     1>d:\program files (x86)\microsoft visual studio 14.0\vc\include\cmath(75): error C2059: 语法错误:“;”
     1>d:\program files (x86)\microsoft visual studio 14.0\vc\include\cmath(76): error C2449: 在文件范围内找到“{”(是否缺少函数头?)
     1>d:\program files (x86)\microsoft visual studio 14.0\vc\include\cmath(78): error C2059: 语法错误:“}”
     1>d:\program files (x86)\microsoft visual studio 14.0\vc\include\cmath(85): error C2061: 语法错误: 标识符“noexcept”
     1>d:\program files (x86)\microsoft visual studio 14.0\vc\include\cmath(85): error C2059: 语法错误:“;”
     1>d:\program files (x86)\microsoft visual studio 14.0\vc\include\cmath(86): error C2449: 在文件范围内找到“{”(是否缺少函数头?)
     1>d:\program files (x86)\microsoft visual studio 14.0\vc\include\cmath(88): error C2059: 语法错误:“}”
     1>d:\program files (x86)\microsoft visual studio 14.0\vc\include\cmath(96): error C2061: 语法错误: 标识符“noexcept”
     1>d:\program files (x86)\microsoft visual studio 14.0\vc\include\cmath(96): error C2059: 语法错误:“;”
     1>d:\program files (x86)\microsoft visual studio 14.0\vc\include\cmath(97): error C2449: 在文件范围内找到“{”(是否缺少函数头?)
     1>d:\program files (x86)\microsoft visual studio 14.0\vc\include\cmath(99): error C2059: 语法错误:“}”
     1>d:\program files (x86)\microsoft visual studio 14.0\vc\include\cmath(106): error C2061: 语法错误: 标识符“noexcept”
     1>d:\program files (x86)\microsoft visual studio 14.0\vc\include\cmath(106): error C2059: 语法错误:“;”
     1>d:\program files (x86)\microsoft visual studio 14.0\vc\include\cmath(107): error C2449: 在文件范围内找到“{”(是否缺少函数头?)
     1>d:\program files (x86)\microsoft visual studio 14.0\vc\include\cmath(109): error C2059: 语法错误:“}”
     1>d:\program files (x86)\microsoft visual studio 14.0\vc\include\cmath(116): error C2061: 语法错误: 标识符“noexcept”
     1>d:\program files (x86)\microsoft visual studio 14.0\vc\include\cmath(116): error C2059: 语法错误:“;”
     1>d:\program files (x86)\microsoft visual studio 14.0\vc\include\cmath(117): error C2449: 在文件范围内找到“{”(是否缺少函数头?)
     1>d:\program files (x86)\microsoft visual studio 14.0\vc\include\cmath(119): error C2059: 语法错误:“}”
     1>d:\program files (x86)\microsoft visual studio 14.0\vc\include\cmath(126): error C2061: 语法错误: 标识符“noexcept”
     1>d:\program files (x86)\microsoft visual studio 14.0\vc\include\cmath(126): error C2059: 语法错误:“;”
     1>d:\program files (x86)\microsoft visual studio 14.0\vc\include\cmath(127): error C2449: 在文件范围内找到“{”(是否缺少函数头?)
     1>d:\program files (x86)\microsoft visual studio 14.0\vc\include\cmath(129): error C2059: 语法错误:“}”
     1>d:\program files (x86)\microsoft visual studio 14.0\vc\include\cmath(136): error C2061: 语法错误: 标识符“noexcept”
     1>d:\program files (x86)\microsoft visual studio 14.0\vc\include\cmath(136): error C2059: 语法错误:“;”
     1>d:\program files (x86)\microsoft visual studio 14.0\vc\include\cmath(137): error C2449: 在文件范围内找到“{”(是否缺少函数头?)
     1>d:\program files (x86)\microsoft visual studio 14.0\vc\include\cmath(139): error C2059: 语法错误:“}”
     1>d:\program files (x86)\microsoft visual studio 14.0\vc\include\cmath(146): error C2061: 语法错误: 标识符“noexcept”
     1>d:\program files (x86)\microsoft visual studio 14.0\vc\include\cmath(146): error C2059: 语法错误:“;”
     1>d:\program files (x86)\microsoft visual studio 14.0\vc\include\cmath(147): error C2449: 在文件范围内找到“{”(是否缺少函数头?)
     1>d:\program files (x86)\microsoft visual studio 14.0\vc\include\cmath(149): error C2059: 语法错误:“}”
     1>d:\program files (x86)\microsoft visual studio 14.0\vc\include\cmath(157): error C2061: 语法错误: 标识符“noexcept”
     1>d:\program files (x86)\microsoft visual studio 14.0\vc\include\cmath(157): error C2059: 语法错误:“;”
     1>d:\program files (x86)\microsoft visual studio 14.0\vc\include\cmath(158): error C2449: 在文件范围内找到“{”(是否缺少函数头?)
     1>d:\program files (x86)\microsoft visual studio 14.0\vc\include\cmath(160): error C2059: 语法错误:“}”
     1>d:\program files (x86)\microsoft visual studio 14.0\vc\include\cmath(167): error C2061: 语法错误: 标识符“noexcept”
     1>d:\program files (x86)\microsoft visual studio 14.0\vc\include\cmath(167): error C2059: 语法错误:“;”
     1>d:\program files (x86)\microsoft visual studio 14.0\vc\include\cmath(168): error C2449: 在文件范围内找到“{”(是否缺少函数头?)
     1>d:\program files (x86)\microsoft visual studio 14.0\vc\include\cmath(170): error C2059: 语法错误:“}”
     1>d:\program files (x86)\microsoft visual studio 14.0\vc\include\cmath(177): error C2061: 语法错误: 标识符“noexcept”
     1>d:\program files (x86)\microsoft visual studio 14.0\vc\include\cmath(177): error C2059: 语法错误:“;”
     1>d:\program files (x86)\microsoft visual studio 14.0\vc\include\cmath(178): error C2449: 在文件范围内找到“{”(是否缺少函数头?)
     1>d:\program files (x86)\microsoft visual studio 14.0\vc\include\cmath(180): error C2059: 语法错误:“}”
     1>d:\program files (x86)\microsoft visual studio 14.0\vc\include\cmath(187): error C2061: 语法错误: 标识符“noexcept”
     1>d:\program files (x86)\microsoft visual studio 14.0\vc\include\cmath(187): error C2059: 语法错误:“;”
     1>d:\program files (x86)\microsoft visual studio 14.0\vc\include\cmath(188): error C2449: 在文件范围内找到“{”(是否缺少函数头?)
     1>d:\program files (x86)\microsoft visual studio 14.0\vc\include\cmath(190): error C2059: 语法错误:“}”
     1>d:\program files (x86)\microsoft visual studio 14.0\vc\include\cmath(197): error C2061: 语法错误: 标识符“noexcept”
     1>d:\program files (x86)\microsoft visual studio 14.0\vc\include\cmath(197): error C2059: 语法错误:“;”
     1>d:\program files (x86)\microsoft visual studio 14.0\vc\include\cmath(198): error C2449: 在文件范围内找到“{”(是否缺少函数头?)
     1>d:\program files (x86)\microsoft visual studio 14.0\vc\include\cmath(200): error C2059: 语法错误:“}”
     1>d:\program files (x86)\microsoft visual studio 14.0\vc\include\cmath(207): error C2061: 语法错误: 标识符“noexcept”
     1>d:\program files (x86)\microsoft visual studio 14.0\vc\include\cmath(207): error C2059: 语法错误:“;”
     1>d:\program files (x86)\microsoft visual studio 14.0\vc\include\cmath(208): error C2449: 在文件范围内找到“{”(是否缺少函数头?)
     1>d:\program files (x86)\microsoft visual studio 14.0\vc\include\cmath(210): error C2059: 语法错误:“}”
     1>d:\program files (x86)\microsoft visual studio 14.0\vc\include\cmath(217): error C2061: 语法错误: 标识符“noexcept”
     1>d:\program files (x86)\microsoft visual studio 14.0\vc\include\cmath(217): error C2059: 语法错误:“;”
     1>d:\program files (x86)\microsoft visual studio 14.0\vc\include\cmath(218): error C2449: 在文件范围内找到“{”(是否缺少函数头?)
     1>d:\program files (x86)\microsoft visual studio 14.0\vc\include\cmath(220): error C2059: 语法错误:“}”
     1>d:\program files (x86)\microsoft visual studio 14.0\vc\include\cmath(227): error C2061: 语法错误: 标识符“noexcept”
     1>d:\program files (x86)\microsoft visual studio 14.0\vc\include\cmath(227): error C2059: 语法错误:“;”
     1>d:\program files (x86)\microsoft visual studio 14.0\vc\include\cmath(228): error C2449: 在文件范围内找到“{”(是否缺少函数头?)
     1>d:\program files (x86)\microsoft visual studio 14.0\vc\include\cmath(230): error C2059: 语法错误:“}”
     1>d:\program files (x86)\microsoft visual studio 14.0\vc\include\cmath(237): error C2061: 语法错误: 标识符“noexcept”
     1>d:\program files (x86)\microsoft visual studio 14.0\vc\include\cmath(237): error C2059: 语法错误:“;”
     1>d:\program files (x86)\microsoft visual studio 14.0\vc\include\cmath(238): error C2449: 在文件范围内找到“{”(是否缺少函数头?)
     1>d:\program files (x86)\microsoft visual studio 14.0\vc\include\cmath(240): error C2059: 语法错误:“}”
     1>d:\program files (x86)\microsoft visual studio 14.0\vc\include\cmath(247): error C2061: 语法错误: 标识符“noexcept”
     1>d:\program files (x86)\microsoft visual studio 14.0\vc\include\cmath(247): error C2059: 语法错误:“;”
     1>d:\program files (x86)\microsoft visual studio 14.0\vc\include\cmath(248): error C2449: 在文件范围内找到“{”(是否缺少函数头?)
     1>d:\program files (x86)\microsoft visual studio 14.0\vc\include\cmath(250): error C2059: 语法错误:“}”
     1>d:\program files (x86)\microsoft visual studio 14.0\vc\include\cmath(258): error C2061: 语法错误: 标识符“noexcept”
     1>d:\program files (x86)\microsoft visual studio 14.0\vc\include\cmath(258): error C2059: 语法错误:“;”
     1>d:\program files (x86)\microsoft visual studio 14.0\vc\include\cmath(259): error C2449: 在文件范围内找到“{”(是否缺少函数头?)
     1>d:\program files (x86)\microsoft visual studio 14.0\vc\include\cmath(261): error C2059: 语法错误:“}”
     1>d:\program files (x86)\microsoft visual studio 14.0\vc\include\cmath(269): error C2061: 语法错误: 标识符“noexcept”
     1>d:\program files (x86)\microsoft visual studio 14.0\vc\include\cmath(269): error C2059: 语法错误:“;”
     1>d:\program files (x86)\microsoft visual studio 14.0\vc\include\cmath(270): error C2449: 在文件范围内找到“{”(是否缺少函数头?)
     1>d:\program files (x86)\microsoft visual studio 14.0\vc\include\cmath(272): error C2059: 语法错误:“}”
     1>d:\program files (x86)\microsoft visual studio 14.0\vc\include\cmath(280): error C2061: 语法错误: 标识符“noexcept”
     1>d:\program files (x86)\microsoft visual studio 14.0\vc\include\cmath(280): error C2059: 语法错误:“;”
     1>d:\program files (x86)\microsoft visual studio 14.0\vc\include\cmath(281): error C2449: 在文件范围内找到“{”(是否缺少函数头?)
     1>d:\program files (x86)\microsoft visual studio 14.0\vc\include\cmath(281): fatal error C1003: 错误计数超过 100；正在停止编译
     1>已完成生成项目“F:\YKQ\gitwork\testtool\c++\测试\测试.vcxproj”(ClCompile 个目标)的操作 - 失败。

生成失败。

已用时间 00:00:00.25
