f:\ykq\gitwork\testtool\c++\qtapplication\qtapplication\x64\debug\vc140.pdb
f:\ykq\gitwork\testtool\c++\qtapplication\qtapplication\x64\debug\qtapplication.obj
f:\ykq\gitwork\testtool\c++\qtapplication\qtapplication\x64\debug\main.obj
f:\ykq\gitwork\testtool\c++\qtapplication\qtapplication\x64\debug\moc_qtapplication.obj
f:\ykq\gitwork\testtool\c++\qtapplication\qtapplication\x64\debug\qrc_qtapplication.obj
f:\ykq\gitwork\testtool\c++\qtapplication\qtapplication\generatedfiles\debug\moc_qtapplication.cpp
f:\ykq\gitwork\testtool\c++\qtapplication\qtapplication\generatedfiles\ui_qtapplication.h
f:\ykq\gitwork\testtool\c++\qtapplication\qtapplication\generatedfiles\qrc_qtapplication.cpp
f:\ykq\gitwork\testtool\c++\qtapplication\x64\debug\qtapplication.ilk
f:\ykq\gitwork\testtool\c++\qtapplication\x64\debug\qtapplication.exe
f:\ykq\gitwork\testtool\c++\qtapplication\x64\debug\qtapplication.pdb
f:\ykq\gitwork\testtool\c++\qtapplication\qtapplication\x64\debug\qtapplication.tlog\cl.command.1.tlog
f:\ykq\gitwork\testtool\c++\qtapplication\qtapplication\x64\debug\qtapplication.tlog\cl.read.1.tlog
f:\ykq\gitwork\testtool\c++\qtapplication\qtapplication\x64\debug\qtapplication.tlog\cl.write.1.tlog
f:\ykq\gitwork\testtool\c++\qtapplication\qtapplication\x64\debug\qtapplication.tlog\custombuild.command.1.tlog
f:\ykq\gitwork\testtool\c++\qtapplication\qtapplication\x64\debug\qtapplication.tlog\custombuild.read.1.tlog
f:\ykq\gitwork\testtool\c++\qtapplication\qtapplication\x64\debug\qtapplication.tlog\custombuild.write.1.tlog
f:\ykq\gitwork\testtool\c++\qtapplication\qtapplication\x64\debug\qtapplication.tlog\link.command.1.tlog
f:\ykq\gitwork\testtool\c++\qtapplication\qtapplication\x64\debug\qtapplication.tlog\link.read.1.tlog
f:\ykq\gitwork\testtool\c++\qtapplication\qtapplication\x64\debug\qtapplication.tlog\link.write.1.tlog
