d:\documents\visual studio 2015\projects\reynold\测试\测试\debug\vc140.pdb
d:\documents\visual studio 2015\projects\reynold\测试\测试\debug\vc140.idb
d:\documents\visual studio 2015\projects\reynold\测试\测试\debug\源.obj
d:\documents\visual studio 2015\projects\reynold\测试\测试\debug\简单工厂.obj
d:\documents\visual studio 2015\projects\reynold\测试\测试\debug\简单工厂1.obj
d:\documents\visual studio 2015\projects\reynold\测试\测试\debug\简单工厂2.obj
d:\documents\visual studio 2015\projects\reynold\测试\debug\测试.ilk
d:\documents\visual studio 2015\projects\reynold\测试\debug\测试.exe
d:\documents\visual studio 2015\projects\reynold\测试\debug\测试.pdb
d:\documents\visual studio 2015\projects\reynold\测试\测试\debug\测试.tlog\cl.command.1.tlog
d:\documents\visual studio 2015\projects\reynold\测试\测试\debug\测试.tlog\cl.read.1.tlog
d:\documents\visual studio 2015\projects\reynold\测试\测试\debug\测试.tlog\cl.write.1.tlog
d:\documents\visual studio 2015\projects\reynold\测试\测试\debug\测试.tlog\link.10564-cvtres.read.1.tlog
d:\documents\visual studio 2015\projects\reynold\测试\测试\debug\测试.tlog\link.10564-cvtres.write.1.tlog
d:\documents\visual studio 2015\projects\reynold\测试\测试\debug\测试.tlog\link.10564-rc.read.1.tlog
d:\documents\visual studio 2015\projects\reynold\测试\测试\debug\测试.tlog\link.10564-rc.write.1.tlog
d:\documents\visual studio 2015\projects\reynold\测试\测试\debug\测试.tlog\link.10564.read.1.tlog
d:\documents\visual studio 2015\projects\reynold\测试\测试\debug\测试.tlog\link.10564.write.1.tlog
d:\documents\visual studio 2015\projects\reynold\测试\测试\debug\测试.tlog\link.command.1.tlog
d:\documents\visual studio 2015\projects\reynold\测试\测试\debug\测试.tlog\link.read.1.tlog
d:\documents\visual studio 2015\projects\reynold\测试\测试\debug\测试.tlog\link.write.1.tlog
